/usr/lib/python3/dist-packages/scipy/__init__.py:146: UserWarning: A NumPy version >=1.17.3 and <1.25.0 is required for this version of SciPy (detected version 1.26.4
  warnings.warn(f"A NumPy version >={np_minversion} and <{np_maxversion}"
Warning: You are sending unauthenticated requests to the HF Hub. Please set a HF_TOKEN to enable higher rate limits and faster downloads.
Loading weights:   0%|          | 0/290 [00:00<?, ?it/s]Loading weights: 100%|██████████| 290/290 [00:00<00:00, 10758.53it/s]
Fetching 8 files:   0%|          | 0/8 [00:00<?, ?it/s]Fetching 8 files:  12%|█▎        | 1/8 [00:10<01:16, 10.93s/it]Fetching 8 files:  25%|██▌       | 2/8 [00:11<00:28,  4.75s/it]Fetching 8 files: 100%|██████████| 8/8 [00:11<00:00,  1.42s/it]
Loading weights:   0%|          | 0/579 [00:00<?, ?it/s]Loading weights: 100%|██████████| 579/579 [00:00<00:00, 8618.19it/s]
[init evenly-spaced] skip=22/48 score=21.83206
[random 1] new best score=19.29771
[hill 1] swap skip44->keep46 score=16.75318
[hill 2] swap skip24->keep41 score=14.42748
[hill 3] swap skip36->keep37 score=13.33333
[hill 4] swap skip16->keep3 score=12.89059
[hill 5] swap skip22->keep24 score=12.86005
[hill 6] swap skip41->keep34 score=12.39186
[hill 7] swap skip21->keep25 score=12.21374
[hill 8] swap skip7->keep9 score=12.17303
[hill 9] swap skip10->keep23 score=11.84224
[hill 10] swap skip23->keep16 score=11.58270
[hill 11] swap skip43->keep31 score=11.43003
[hill 12] swap skip37->keep36 score=11.25700
[hill 13] swap skip34->keep33 score=10.97201
saved -> dimr_mask_14b.json  (keep 26/48 layers, score=10.97201)
