/usr/lib/python3/dist-packages/scipy/__init__.py:146: UserWarning: A NumPy version >=1.17.3 and <1.25.0 is required for this version of SciPy (detected version 1.26.4
  warnings.warn(f"A NumPy version >={np_minversion} and <{np_maxversion}"
Warning: You are sending unauthenticated requests to the HF Hub. Please set a HF_TOKEN to enable higher rate limits and faster downloads.
Loading weights:   0%|          | 0/290 [00:00<?, ?it/s]Loading weights: 100%|██████████| 290/290 [00:00<00:00, 8425.04it/s]
Fetching 17 files:   0%|          | 0/17 [00:00<?, ?it/s]Fetching 17 files:   6%|▌         | 1/17 [00:13<03:29, 13.08s/it]Fetching 17 files:  53%|█████▎    | 9/17 [00:23<00:18,  2.30s/it]Fetching 17 files:  71%|███████   | 12/17 [00:24<00:07,  1.57s/it]Fetching 17 files:  82%|████████▏ | 14/17 [00:25<00:03,  1.30s/it]Fetching 17 files: 100%|██████████| 17/17 [00:28<00:00,  1.27s/it]Fetching 17 files: 100%|██████████| 17/17 [00:28<00:00,  1.69s/it]
Loading weights:   0%|          | 0/771 [00:00<?, ?it/s]Loading weights: 100%|██████████| 771/771 [00:00<00:00, 26301.82it/s]
keep_mask: 35 / 64
corrected latencies(ms): t_p1=0.32 t_qp=15.68 t_q=35.46 t_q1=20.96
Generating train split:   0%|          | 0/7473 [00:00<?, ? examples/s]Generating train split: 100%|██████████| 7473/7473 [00:00<00:00, 684024.04 examples/s]
Generating test split:   0%|          | 0/1319 [00:00<?, ? examples/s]Generating test split: 100%|██████████| 1319/1319 [00:00<00:00, 492766.28 examples/s]
iter 1/40: tok_reward=0.641 match=0.831 correct=0.750 cost/tok=0.575 rej=0.234 ent=0.337 gn=3.57 ntok=398 24.8s
iter 2/40: tok_reward=0.694 match=0.894 correct=0.750 cost/tok=0.640 rej=0.219 ent=0.326 gn=1.99 ntok=499 31.6s
iter 3/40: tok_reward=0.633 match=0.845 correct=0.000 cost/tok=0.738 rej=0.256 ent=0.370 gn=3.10 ntok=791 52.8s
iter 4/40: tok_reward=0.676 match=0.883 correct=0.500 cost/tok=0.633 rej=0.165 ent=0.360 gn=2.25 ntok=584 31.2s
iter 5/40: tok_reward=0.656 match=0.832 correct=0.000 cost/tok=0.698 rej=0.234 ent=0.306 gn=1.29 ntok=524 30.4s
iter 6/40: tok_reward=0.674 match=0.873 correct=0.500 cost/tok=0.552 rej=0.199 ent=0.292 gn=2.78 ntok=639 38.9s
iter 7/40: tok_reward=0.686 match=0.879 correct=0.500 cost/tok=0.621 rej=0.195 ent=0.329 gn=2.91 ntok=576 32.4s
iter 8/40: tok_reward=0.719 match=0.891 correct=0.500 cost/tok=0.635 rej=0.210 ent=0.266 gn=1.54 ntok=703 39.4s
iter 9/40: tok_reward=0.750 match=0.925 correct=1.000 cost/tok=0.567 rej=0.146 ent=0.254 gn=2.83 ntok=497 26.1s
iter 10/40: tok_reward=0.764 match=0.929 correct=1.000 cost/tok=0.416 rej=0.093 ent=0.252 gn=1.44 ntok=490 25.7s
  [ckpt @ 10]
iter 11/40: tok_reward=0.782 match=0.932 correct=1.000 cost/tok=0.525 rej=0.125 ent=0.224 gn=1.73 ntok=454 21.5s
iter 12/40: tok_reward=0.737 match=0.917 correct=0.500 cost/tok=0.541 rej=0.166 ent=0.281 gn=3.64 ntok=698 38.3s
iter 13/40: tok_reward=0.734 match=0.897 correct=0.250 cost/tok=0.561 rej=0.150 ent=0.256 gn=1.73 ntok=861 46.5s
iter 14/40: tok_reward=0.733 match=0.898 correct=0.750 cost/tok=0.444 rej=0.122 ent=0.290 gn=2.71 ntok=564 29.2s
iter 15/40: tok_reward=0.753 match=0.907 correct=0.250 cost/tok=0.529 rej=0.111 ent=0.231 gn=1.55 ntok=604 28.7s
iter 16/40: tok_reward=0.809 match=0.942 correct=0.750 cost/tok=0.431 rej=0.085 ent=0.210 gn=1.82 ntok=581 25.5s
iter 17/40: tok_reward=0.827 match=0.947 correct=0.750 cost/tok=0.413 rej=0.089 ent=0.176 gn=1.03 ntok=706 32.6s
iter 18/40: tok_reward=0.841 match=0.953 correct=1.000 cost/tok=0.387 rej=0.071 ent=0.164 gn=0.97 ntok=719 31.2s
iter 19/40: tok_reward=0.815 match=0.950 correct=1.000 cost/tok=0.462 rej=0.081 ent=0.196 gn=1.30 ntok=422 18.2s
iter 20/40: tok_reward=0.854 match=0.948 correct=0.750 cost/tok=0.299 rej=0.044 ent=0.124 gn=0.64 ntok=634 27.0s
  [ckpt @ 20]
iter 21/40: tok_reward=0.797 match=0.892 correct=0.500 cost/tok=0.402 rej=0.078 ent=0.189 gn=0.79 ntok=445 19.1s
iter 22/40: tok_reward=0.795 match=0.929 correct=1.000 cost/tok=0.463 rej=0.102 ent=0.206 gn=0.75 ntok=654 29.7s
iter 23/40: tok_reward=0.785 match=0.925 correct=0.500 cost/tok=0.477 rej=0.111 ent=0.202 gn=1.22 ntok=798 38.6s
iter 24/40: tok_reward=0.781 match=0.906 correct=0.750 cost/tok=0.427 rej=0.094 ent=0.191 gn=1.22 ntok=542 25.0s
iter 25/40: tok_reward=0.800 match=0.923 correct=0.250 cost/tok=0.413 rej=0.067 ent=0.184 gn=0.50 ntok=699 30.5s
iter 26/40: tok_reward=0.840 match=0.935 correct=1.000 cost/tok=0.294 rej=0.044 ent=0.144 gn=0.36 ntok=571 23.7s
iter 27/40: tok_reward=0.828 match=0.938 correct=1.000 cost/tok=0.380 rej=0.073 ent=0.155 gn=0.97 ntok=644 27.7s
iter 28/40: tok_reward=0.850 match=0.948 correct=0.750 cost/tok=0.335 rej=0.051 ent=0.118 gn=0.76 ntok=659 27.2s
iter 29/40: tok_reward=0.840 match=0.943 correct=1.000 cost/tok=0.361 rej=0.043 ent=0.168 gn=1.45 ntok=444 18.0s
iter 30/40: tok_reward=0.827 match=0.920 correct=0.750 cost/tok=0.291 rej=0.051 ent=0.139 gn=0.75 ntok=453 19.4s
  [ckpt @ 30]
iter 31/40: tok_reward=0.829 match=0.914 correct=0.750 cost/tok=0.306 rej=0.041 ent=0.128 gn=0.55 ntok=407 15.8s
iter 32/40: tok_reward=0.850 match=0.917 correct=0.750 cost/tok=0.298 rej=0.037 ent=0.115 gn=0.38 ntok=531 21.3s
iter 33/40: tok_reward=0.817 match=0.920 correct=0.750 cost/tok=0.339 rej=0.058 ent=0.156 gn=0.67 ntok=801 35.0s
iter 34/40: tok_reward=0.808 match=0.887 correct=0.500 cost/tok=0.259 rej=0.044 ent=0.138 gn=0.41 ntok=421 17.1s
iter 35/40: tok_reward=0.834 match=0.897 correct=0.500 cost/tok=0.265 rej=0.025 ent=0.111 gn=0.29 ntok=699 27.7s
iter 36/40: tok_reward=0.830 match=0.923 correct=0.750 cost/tok=0.275 rej=0.037 ent=0.117 gn=0.53 ntok=606 24.8s
iter 37/40: tok_reward=0.817 match=0.862 correct=0.500 cost/tok=0.273 rej=0.035 ent=0.115 gn=0.44 ntok=558 23.4s
iter 38/40: tok_reward=0.832 match=0.903 correct=0.500 cost/tok=0.274 rej=0.044 ent=0.107 gn=0.35 ntok=640 26.1s
iter 39/40: tok_reward=0.854 match=0.937 correct=1.000 cost/tok=0.288 rej=0.023 ent=0.127 gn=0.56 ntok=567 22.8s
iter 40/40: tok_reward=0.829 match=0.894 correct=0.500 cost/tok=0.222 rej=0.021 ent=0.080 gn=0.49 ntok=335 12.9s
  [ckpt @ 40]
saved -> policy_rl_pt.pt; ckpt -> rl_pt_ckpt.pt; log -> rl_pt_log.jsonl
/usr/lib/python3/dist-packages/scipy/__init__.py:146: UserWarning: A NumPy version >=1.17.3 and <1.25.0 is required for this version of SciPy (detected version 1.26.4
  warnings.warn(f"A NumPy version >={np_minversion} and <{np_maxversion}"
Loading weights:   0%|          | 0/290 [00:00<?, ?it/s]Loading weights: 100%|██████████| 290/290 [00:00<00:00, 8789.02it/s]
Warning: You are sending unauthenticated requests to the HF Hub. Please set a HF_TOKEN to enable higher rate limits and faster downloads.
Loading weights:   0%|          | 0/771 [00:00<?, ?it/s]Loading weights: 100%|██████████| 771/771 [00:00<00:00, 10103.31it/s]
keep_mask: [True, False, True, False, True, False, True, False, True, False, True, False, True, False, True, False, True, True, False, True, False, True, False, True, False, True, False, True, False, True, False, True, True, False, True, False, True, False, True, False, True, False, True, False, True, False, True, True, False, True, False, True, False, True, False, True, False, True, False, True, False, True, True, True] (keep 35/64)
latencies (ms): t_p1=10.33 t_qp=25.26 t_q=45.26 t_q1=30.62

corrected (ms):  t_p1=0.31 t_qp=15.24 t_q=35.24 t_q1=20.61
bandwidth (ms):  t_p1=0.29 t_qp=11.12 t_q=19.56 t_q1=19.56

running greedy_q ...
running plain_sd ...
running via_fixed ...
running via_imit ...
running via_rl ...

method         acc    rej accept  escal  q/tok  tok/q   spd spd_cor  spd_bw
---------------------------------------------------------------------------
greedy_q     0.875  0.000  0.000  0.000  1.000   1.00 1.00x   1.00x   1.00x
plain_sd     0.875  0.128  0.000  0.000  0.270   3.71 1.17x   2.08x   3.45x
via_fixed    0.125  0.263  0.429  0.467  0.275   3.64 0.78x   1.33x   2.00x
via_imit     0.375  0.304  0.488  0.360  0.242   4.13 0.76x   1.38x   2.06x
via_rl       0.333  0.057  0.913  0.081  0.070  14.29 1.46x   3.24x   4.57x
